2024-01-11 15:40:51,580 INFO o.a.c.c.C.[.[.[/] [http-nio-8060-exec-1] Initializing Spring DispatcherServlet 'dispatcherServlet'
2024-01-11 15:40:51,590 INFO o.s.w.s.DispatcherServlet [http-nio-8060-exec-1] Initializing Servlet 'dispatcherServlet'
2024-01-11 15:40:51,593 INFO o.s.w.s.DispatcherServlet [http-nio-8060-exec-1] Completed initialization in 3 ms
2024-01-11 15:40:51,634 INFO c.f.c.FeedbackController [http-nio-8060-exec-2] Adding feedback for place ID: 2 and user ID: 1
2024-01-11 15:40:51,634 INFO c.f.s.FeedbackServiceImpl [http-nio-8060-exec-2] Getting place for tour. Place ID: 2, User ID: 1
2024-01-11 15:41:00,211 INFO c.f.c.FeedbackController [http-nio-8060-exec-4] Fetching all feedback
2024-01-11 15:41:00,211 INFO c.f.s.FeedbackServiceImpl [http-nio-8060-exec-4] Fetching all feedback
2024-01-11 15:41:07,450 INFO c.f.c.FeedbackController [http-nio-8060-exec-6] Fetching all feedback
2024-01-11 15:41:07,451 INFO c.f.s.FeedbackServiceImpl [http-nio-8060-exec-6] Fetching all feedback
2024-01-11 15:41:11,573 INFO c.f.c.FeedbackController [http-nio-8060-exec-7] Fetching all feedback
2024-01-11 15:41:11,577 INFO c.f.s.FeedbackServiceImpl [http-nio-8060-exec-7] Fetching all feedback
2024-01-11 15:42:56,462 INFO c.f.c.FeedbackController [http-nio-8060-exec-9] Fetching all feedback
2024-01-11 15:42:56,462 INFO c.f.s.FeedbackServiceImpl [http-nio-8060-exec-9] Fetching all feedback
2024-01-11 15:42:58,872 INFO c.n.d.s.r.a.ConfigClusterResolver [AsyncResolver-bootstrap-executor-0] Resolving eureka endpoints via configuration
2024-01-11 15:44:49,202 INFO c.f.c.FeedbackController [http-nio-8060-exec-1] Fetching all feedback
2024-01-11 15:44:49,202 INFO c.f.s.FeedbackServiceImpl [http-nio-8060-exec-1] Fetching all feedback
2024-01-11 15:45:18,203 INFO c.f.c.FeedbackController [http-nio-8060-exec-2] Fetching all feedback
2024-01-11 15:45:18,204 INFO c.f.s.FeedbackServiceImpl [http-nio-8060-exec-2] Fetching all feedback
2024-01-11 15:45:20,362 INFO c.f.c.FeedbackController [http-nio-8060-exec-3] Fetching all feedback
2024-01-11 15:45:20,362 INFO c.f.s.FeedbackServiceImpl [http-nio-8060-exec-3] Fetching all feedback
2024-01-11 15:45:37,832 INFO c.f.c.FeedbackController [http-nio-8060-exec-6] Fetching all feedback
2024-01-11 15:45:37,832 INFO c.f.s.FeedbackServiceImpl [http-nio-8060-exec-6] Fetching all feedback
2024-01-11 15:46:38,476 INFO c.f.c.FeedbackController [http-nio-8060-exec-9] Fetching all feedback
2024-01-11 15:46:38,477 INFO c.f.s.FeedbackServiceImpl [http-nio-8060-exec-9] Fetching all feedback
2024-01-11 15:46:56,956 INFO c.f.c.FeedbackController [http-nio-8060-exec-10] Fetching all feedback
2024-01-11 15:46:56,957 INFO c.f.s.FeedbackServiceImpl [http-nio-8060-exec-10] Fetching all feedback
2024-01-11 15:47:01,531 INFO c.f.c.FeedbackController [http-nio-8060-exec-1] Fetching all feedback
2024-01-11 15:47:01,532 INFO c.f.s.FeedbackServiceImpl [http-nio-8060-exec-1] Fetching all feedback
2024-01-11 15:47:45,211 INFO c.f.c.FeedbackController [http-nio-8060-exec-4] Fetching all feedback
2024-01-11 15:47:45,212 INFO c.f.s.FeedbackServiceImpl [http-nio-8060-exec-4] Fetching all feedback
2024-01-11 15:47:58,908 INFO c.n.d.s.r.a.ConfigClusterResolver [AsyncResolver-bootstrap-executor-0] Resolving eureka endpoints via configuration
2024-01-11 15:48:10,524 INFO c.f.c.FeedbackController [http-nio-8060-exec-6] Fetching all feedback
2024-01-11 15:48:10,524 INFO c.f.s.FeedbackServiceImpl [http-nio-8060-exec-6] Fetching all feedback
2024-01-11 15:52:58,936 INFO c.n.d.s.r.a.ConfigClusterResolver [AsyncResolver-bootstrap-executor-0] Resolving eureka endpoints via configuration
2024-01-11 15:57:58,960 INFO c.n.d.s.r.a.ConfigClusterResolver [AsyncResolver-bootstrap-executor-0] Resolving eureka endpoints via configuration
2024-01-11 16:02:58,972 INFO c.n.d.s.r.a.ConfigClusterResolver [AsyncResolver-bootstrap-executor-0] Resolving eureka endpoints via configuration
2024-01-11 16:07:58,988 INFO c.n.d.s.r.a.ConfigClusterResolver [AsyncResolver-bootstrap-executor-0] Resolving eureka endpoints via configuration
2024-01-11 16:12:58,999 INFO c.n.d.s.r.a.ConfigClusterResolver [AsyncResolver-bootstrap-executor-0] Resolving eureka endpoints via configuration
2024-01-11 16:17:59,018 INFO c.n.d.s.r.a.ConfigClusterResolver [AsyncResolver-bootstrap-executor-0] Resolving eureka endpoints via configuration
2024-01-11 16:22:59,028 INFO c.n.d.s.r.a.ConfigClusterResolver [AsyncResolver-bootstrap-executor-0] Resolving eureka endpoints via configuration
2024-01-11 16:27:59,041 INFO c.n.d.s.r.a.ConfigClusterResolver [AsyncResolver-bootstrap-executor-0] Resolving eureka endpoints via configuration
2024-01-11 16:32:59,054 INFO c.n.d.s.r.a.ConfigClusterResolver [AsyncResolver-bootstrap-executor-0] Resolving eureka endpoints via configuration
2024-01-11 16:37:59,092 INFO c.n.d.s.r.a.ConfigClusterResolver [AsyncResolver-bootstrap-executor-0] Resolving eureka endpoints via configuration
2024-01-11 16:42:59,185 INFO c.n.d.s.r.a.ConfigClusterResolver [AsyncResolver-bootstrap-executor-0] Resolving eureka endpoints via configuration
